<?xml version="1.0" encoding="UTF-8"?>
<!-- Generated by org.testng.reporters.JUnitXMLReporter -->
<testsuite hostname="DESKTOP-G23FB35" name="validation" tests="2" failures="2" timestamp="7 Mar 2023 17:08:55 GMT" time="17.765" errors="0">
  <testcase name="basepageNavigation" time="16.208" classname="Newmavenprj.Endtoend.validationtitle">
    <failure type="java.lang.AssertionError" message="expected [FEATURED COOURSE123] but found [FEATURED COURSES]">
      <![CDATA[java.lang.AssertionError: expected [FEATURED COOURSE123] but found [FEATURED COURSES]
	at Newmavenprj.Endtoend.validationtitle.basepageNavigation(validationtitle.java:38)
... Removed 29 stack frames]]>
    </failure>
  </testcase> <!-- basepageNavigation -->
  <testcase name="basepageNavigation" time="16.221" classname="Newmavenprj.Endtoend.validationtitle">
    <failure type="java.lang.NullPointerException">
      <![CDATA[java.lang.NullPointerException
	at Newmavenprj.Endtoend.Base.getScreenShotPath(Base.java:45)
	at Newmavenprj.Endtoend.Listeners.onTestFailure(Listeners.java:35)
... Removed 21 stack frames]]>
    </failure>
  </testcase> <!-- basepageNavigation -->
</testsuite> <!-- validation -->
